# JRE version: OpenJDK Runtime Environment Temurin-21.0.8+9 (21.0.8+9) (build 21.0.8+9-LTS)
# Java VM: OpenJDK 64-Bit Server VM Temurin-21.0.8+9 (21.0.8+9-LTS, mixed mode, sharing, tiered, compressed oops, compressed class ptrs, parallel gc, windows-amd64)
GC Precious Log:
 CardTable entry size: 512
 CPUs: 4 total, 4 available
 Memory: 8073M
 Large Page Support: Disabled
 NUMA Support: Disabled
 Compressed Oops: Enabled (32-bit)
 Alignments: Space 512K, Generation 512K, Heap 2M
 Heap Min Capacity: 100M
 Heap Initial Capacity: 100M
 Heap Max Capacity: 2G
 Pre-touch: Disabled
 Parallel Workers: 4
Heap:
 PSYoungGen      total 10240K, used 5897K [0x00000000d5580000, 0x00000000d6180000, 0x0000000100000000)
  eden space 7680K, 72% used [0x00000000d5580000,0x00000000d5aeb190,0x00000000d5d00000)
  from space 2560K, 13% used [0x00000000d5d80000,0x00000000d5dd75d8,0x00000000d6000000)
  to   space 1024K, 0% used [0x00000000d6080000,0x00000000d6080000,0x00000000d6180000)
 ParOldGen       total 1256448K, used 1255960K [0x0000000080000000, 0x00000000ccb00000, 0x00000000d5580000)
  object space 1256448K, 99% used [0x0000000080000000,0x00000000cca861f8,0x00000000ccb00000)
 Metaspace       used 96046K, committed 97792K, reserved 1179648K
  class space    used 9731K, committed 10496K, reserved 1048576K
GC Heap History (20 events):
Event: 1319.099 GC heap before
{Heap before GC invocations=1953 (full 5):
 PSYoungGen      total 9728K, used 8692K [0x00000000d5580000, 0x00000000d6380000, 0x0000000100000000)
  eden space 8192K, 100% used [0x00000000d5580000,0x00000000d5d80000,0x00000000d5d80000)
  from space 1536K, 32% used [0x00000000d6100000,0x00000000d617d200,0x00000000d6280000)
  to   space 1024K, 0% used [0x00000000d6280000,0x00000000d6280000,0x00000000d6380000)
 ParOldGen       total 1249280K, used 1249224K [0x0000000080000000, 0x00000000cc400000, 0x00000000d5580000)
  object space 1249280K, 99% used [0x0000000080000000,0x00000000cc3f2008,0x00000000cc400000)
 Metaspace       used 96008K, committed 97728K, reserved 1179648K
  class space    used 9729K, committed 10496K, reserved 1048576K
}
Event: 1319.103 GC heap after
{Heap after GC invocations=1953 (full 5):
 PSYoungGen      total 8704K, used 426K [0x00000000d5580000, 0x00000000d6300000, 0x0000000100000000)
  eden space 8192K, 0% used [0x00000000d5580000,0x00000000d5580000,0x00000000d5d80000)
  from space 512K, 83% used [0x00000000d6280000,0x00000000d62ea910,0x00000000d6300000)
  to   space 512K, 0% used [0x00000000d6200000,0x00000000d6200000,0x00000000d6280000)
 ParOldGen       total 1249280K, used 1249240K [0x0000000080000000, 0x00000000cc400000, 0x00000000d5580000)
  object space 1249280K, 99% used [0x0000000080000000,0x00000000cc3f6008,0x00000000cc400000)
 Metaspace       used 96008K, committed 97728K, reserved 1179648K
  class space    used 9729K, committed 10496K, reserved 1048576K
}
Event: 1319.300 GC heap before
{Heap before GC invocations=1954 (full 5):
 PSYoungGen      total 8704K, used 8618K [0x00000000d5580000, 0x00000000d6300000, 0x0000000100000000)
  eden space 8192K, 100% used [0x00000000d5580000,0x00000000d5d80000,0x00000000d5d80000)
  from space 512K, 83% used [0x00000000d6280000,0x00000000d62ea910,0x00000000d6300000)
  to   space 512K, 0% used [0x00000000d6200000,0x00000000d6200000,0x00000000d6280000)
 ParOldGen       total 1249280K, used 1249240K [0x0000000080000000, 0x00000000cc400000, 0x00000000d5580000)
  object space 1249280K, 99% used [0x0000000080000000,0x00000000cc3f6008,0x00000000cc400000)
 Metaspace       used 96008K, committed 97728K, reserved 1179648K
  class space    used 9729K, committed 10496K, reserved 1048576K
}
Event: 1319.304 GC heap after
{Heap after GC invocations=1954 (full 5):
 PSYoungGen      total 8704K, used 128K [0x00000000d5580000, 0x00000000d6300000, 0x0000000100000000)
  eden space 8192K, 0% used [0x00000000d5580000,0x00000000d5580000,0x00000000d5d80000)
  from space 512K, 25% used [0x00000000d6200000,0x00000000d6220000,0x00000000d6280000)
  to   space 512K, 0% used [0x00000000d6280000,0x00000000d6280000,0x00000000d6300000)
 ParOldGen       total 1249280K, used 1249272K [0x0000000080000000, 0x00000000cc400000, 0x00000000d5580000)
  object space 1249280K, 99% used [0x0000000080000000,0x00000000cc3fe008,0x00000000cc400000)
 Metaspace       used 96008K, committed 97728K, reserved 1179648K
  class space    used 9729K, committed 10496K, reserved 1048576K
}
Event: 1514.145 GC heap before
{Heap before GC invocations=1955 (full 5):
 PSYoungGen      total 8704K, used 8319K [0x00000000d5580000, 0x00000000d6300000, 0x0000000100000000)
  eden space 8192K, 99% used [0x00000000d5580000,0x00000000d5d7fe10,0x00000000d5d80000)
  from space 512K, 25% used [0x00000000d6200000,0x00000000d6220000,0x00000000d6280000)
  to   space 512K, 0% used [0x00000000d6280000,0x00000000d6280000,0x00000000d6300000)
 ParOldGen       total 1249280K, used 1249272K [0x0000000080000000, 0x00000000cc400000, 0x00000000d5580000)
  object space 1249280K, 99% used [0x0000000080000000,0x00000000cc3fe008,0x00000000cc400000)
 Metaspace       used 96015K, committed 97728K, reserved 1179648K
  class space    used 9729K, committed 10496K, reserved 1048576K
}
Event: 1514.782 GC heap after
{Heap after GC invocations=1955 (full 5):
 PSYoungGen      total 8704K, used 128K [0x00000000d5580000, 0x00000000d6300000, 0x0000000100000000)
  eden space 8192K, 0% used [0x00000000d5580000,0x00000000d5580000,0x00000000d5d80000)
  from space 512K, 25% used [0x00000000d6280000,0x00000000d62a0000,0x00000000d6300000)
  to   space 512K, 0% used [0x00000000d6200000,0x00000000d6200000,0x00000000d6280000)
 ParOldGen       total 1249792K, used 1249296K [0x0000000080000000, 0x00000000cc480000, 0x00000000d5580000)
  object space 1249792K, 99% used [0x0000000080000000,0x00000000cc404008,0x00000000cc480000)
 Metaspace       used 96015K, committed 97728K, reserved 1179648K
  class space    used 9729K, committed 10496K, reserved 1048576K
}
Event: 1542.967 GC heap before
{Heap before GC invocations=1956 (full 5):
 PSYoungGen      total 8704K, used 8319K [0x00000000d5580000, 0x00000000d6300000, 0x0000000100000000)
  eden space 8192K, 99% used [0x00000000d5580000,0x00000000d5d7fff8,0x00000000d5d80000)
  from space 512K, 25% used [0x00000000d6280000,0x00000000d62a0000,0x00000000d6300000)
  to   space 512K, 0% used [0x00000000d6200000,0x00000000d6200000,0x00000000d6280000)
 ParOldGen       total 1249792K, used 1249296K [0x0000000080000000, 0x00000000cc480000, 0x00000000d5580000)
  object space 1249792K, 99% used [0x0000000080000000,0x00000000cc404008,0x00000000cc480000)
 Metaspace       used 96022K, committed 97728K, reserved 1179648K
  class space    used 9730K, committed 10496K, reserved 1048576K
}
Event: 1542.977 GC heap after
{Heap after GC invocations=1956 (full 5):
 PSYoungGen      total 8704K, used 256K [0x00000000d5580000, 0x00000000d6300000, 0x0000000100000000)
  eden space 8192K, 0% used [0x00000000d5580000,0x00000000d5580000,0x00000000d5d80000)
  from space 512K, 50% used [0x00000000d6200000,0x00000000d6240000,0x00000000d6280000)
  to   space 512K, 0% used [0x00000000d6280000,0x00000000d6280000,0x00000000d6300000)
 ParOldGen       total 1249792K, used 1249320K [0x0000000080000000, 0x00000000cc480000, 0x00000000d5580000)
  object space 1249792K, 99% used [0x0000000080000000,0x00000000cc40a008,0x00000000cc480000)
 Metaspace       used 96022K, committed 97728K, reserved 1179648K
  class space    used 9730K, committed 10496K, reserved 1048576K
}
Event: 1615.793 GC heap before
{Heap before GC invocations=1957 (full 5):
 PSYoungGen      total 8704K, used 8448K [0x00000000d5580000, 0x00000000d6300000, 0x0000000100000000)
  eden space 8192K, 100% used [0x00000000d5580000,0x00000000d5d80000,0x00000000d5d80000)
  from space 512K, 50% used [0x00000000d6200000,0x00000000d6240000,0x00000000d6280000)
  to   space 512K, 0% used [0x00000000d6280000,0x00000000d6280000,0x00000000d6300000)
 ParOldGen       total 1249792K, used 1249320K [0x0000000080000000, 0x00000000cc480000, 0x00000000d5580000)
  object space 1249792K, 99% used [0x0000000080000000,0x00000000cc40a008,0x00000000cc480000)
 Metaspace       used 96030K, committed 97728K, reserved 1179648K
  class space    used 9730K, committed 10496K, reserved 1048576K
}
Event: 1615.806 GC heap after
{Heap after GC invocations=1957 (full 5):
 PSYoungGen      total 8704K, used 500K [0x00000000d5580000, 0x00000000d6300000, 0x0000000100000000)
  eden space 8192K, 0% used [0x00000000d5580000,0x00000000d5580000,0x00000000d5d80000)
  from space 512K, 97% used [0x00000000d6280000,0x00000000d62fd220,0x00000000d6300000)
  to   space 1024K, 0% used [0x00000000d6100000,0x00000000d6100000,0x00000000d6200000)
 ParOldGen       total 1249792K, used 1249416K [0x0000000080000000, 0x00000000cc480000, 0x00000000d5580000)
  object space 1249792K, 99% used [0x0000000080000000,0x00000000cc422008,0x00000000cc480000)
 Metaspace       used 96030K, committed 97728K, reserved 1179648K
  class space    used 9730K, committed 10496K, reserved 1048576K
}
Event: 1615.922 GC heap before
{Heap before GC invocations=1958 (full 5):
 PSYoungGen      total 8704K, used 8692K [0x00000000d5580000, 0x00000000d6300000, 0x0000000100000000)
  eden space 8192K, 100% used [0x00000000d5580000,0x00000000d5d80000,0x00000000d5d80000)
  from space 512K, 97% used [0x00000000d6280000,0x00000000d62fd220,0x00000000d6300000)
  to   space 1024K, 0% used [0x00000000d6100000,0x00000000d6100000,0x00000000d6200000)
 ParOldGen       total 1249792K, used 1249416K [0x0000000080000000, 0x00000000cc480000, 0x00000000d5580000)
  object space 1249792K, 99% used [0x0000000080000000,0x00000000cc422008,0x00000000cc480000)
 Metaspace       used 96030K, committed 97728K, reserved 1179648K
  class space    used 9730K, committed 10496K, reserved 1048576K
}
Event: 1615.933 GC heap after
{Heap after GC invocations=1958 (full 5):
 PSYoungGen      total 9216K, used 1012K [0x00000000d5580000, 0x00000000d6300000, 0x0000000100000000)
  eden space 8192K, 0% used [0x00000000d5580000,0x00000000d5580000,0x00000000d5d80000)
  from space 1024K, 98% used [0x00000000d6100000,0x00000000d61fd200,0x00000000d6200000)
  to   space 1024K, 0% used [0x00000000d6200000,0x00000000d6200000,0x00000000d6300000)
 ParOldGen       total 1250304K, used 1249883K [0x0000000080000000, 0x00000000cc500000, 0x00000000d5580000)
  object space 1250304K, 99% used [0x0000000080000000,0x00000000cc496ea8,0x00000000cc500000)
 Metaspace       used 96030K, committed 97728K, reserved 1179648K
  class space    used 9730K, committed 10496K, reserved 1048576K
}
Event: 1616.055 GC heap before
{Heap before GC invocations=1959 (full 5):
 PSYoungGen      total 9216K, used 9204K [0x00000000d5580000, 0x00000000d6300000, 0x0000000100000000)
  eden space 8192K, 100% used [0x00000000d5580000,0x00000000d5d80000,0x00000000d5d80000)
  from space 1024K, 98% used [0x00000000d6100000,0x00000000d61fd200,0x00000000d6200000)
  to   space 1024K, 0% used [0x00000000d6200000,0x00000000d6200000,0x00000000d6300000)
 ParOldGen       total 1250304K, used 1249883K [0x0000000080000000, 0x00000000cc500000, 0x00000000d5580000)
  object space 1250304K, 99% used [0x0000000080000000,0x00000000cc496ea8,0x00000000cc500000)
 Metaspace       used 96031K, committed 97728K, reserved 1179648K
  class space    used 9730K, committed 10496K, reserved 1048576K
}
Event: 1616.063 GC heap after
{Heap after GC invocations=1959 (full 5):
 PSYoungGen      total 8704K, used 1005K [0x00000000d5580000, 0x00000000d6780000, 0x0000000100000000)
  eden space 7680K, 0% used [0x00000000d5580000,0x00000000d5580000,0x00000000d5d00000)
  from space 1024K, 98% used [0x00000000d6200000,0x00000000d62fb6d0,0x00000000d6300000)
  to   space 5120K, 0% used [0x00000000d5d00000,0x00000000d5d00000,0x00000000d6200000)
 ParOldGen       total 1253376K, used 1253109K [0x0000000080000000, 0x00000000cc800000, 0x00000000d5580000)
  object space 1253376K, 99% used [0x0000000080000000,0x00000000cc7bd4c8,0x00000000cc800000)
 Metaspace       used 96031K, committed 97728K, reserved 1179648K
  class space    used 9730K, committed 10496K, reserved 1048576K
}
Event: 1616.167 GC heap before
{Heap before GC invocations=1960 (full 5):
 PSYoungGen      total 8704K, used 8685K [0x00000000d5580000, 0x00000000d6780000, 0x0000000100000000)
  eden space 7680K, 100% used [0x00000000d5580000,0x00000000d5d00000,0x00000000d5d00000)
  from space 1024K, 98% used [0x00000000d6200000,0x00000000d62fb6d0,0x00000000d6300000)
  to   space 5120K, 0% used [0x00000000d5d00000,0x00000000d5d00000,0x00000000d6200000)
 ParOldGen       total 1253376K, used 1253109K [0x0000000080000000, 0x00000000cc800000, 0x00000000d5580000)
  object space 1253376K, 99% used [0x0000000080000000,0x00000000cc7bd4c8,0x00000000cc800000)
 Metaspace       used 96032K, committed 97728K, reserved 1179648K
  class space    used 9730K, committed 10496K, reserved 1048576K
}
Event: 1616.186 GC heap after
{Heap after GC invocations=1960 (full 5):
 PSYoungGen      total 11776K, used 3782K [0x00000000d5580000, 0x00000000d6500000, 0x0000000100000000)
  eden space 7680K, 0% used [0x00000000d5580000,0x00000000d5580000,0x00000000d5d00000)
  from space 4096K, 92% used [0x00000000d5d00000,0x00000000d60b1860,0x00000000d6100000)
  to   space 4096K, 0% used [0x00000000d6100000,0x00000000d6100000,0x00000000d6500000)
 ParOldGen       total 1254400K, used 1254105K [0x0000000080000000, 0x00000000cc900000, 0x00000000d5580000)
  object space 1254400K, 99% used [0x0000000080000000,0x00000000cc8b6558,0x00000000cc900000)
 Metaspace       used 96032K, committed 97728K, reserved 1179648K
  class space    used 9730K, committed 10496K, reserved 1048576K
}
Event: 1616.286 GC heap before
{Heap before GC invocations=1961 (full 5):
 PSYoungGen      total 11776K, used 11462K [0x00000000d5580000, 0x00000000d6500000, 0x0000000100000000)
  eden space 7680K, 100% used [0x00000000d5580000,0x00000000d5d00000,0x00000000d5d00000)
  from space 4096K, 92% used [0x00000000d5d00000,0x00000000d60b1860,0x00000000d6100000)
  to   space 4096K, 0% used [0x00000000d6100000,0x00000000d6100000,0x00000000d6500000)
 ParOldGen       total 1254400K, used 1254105K [0x0000000080000000, 0x00000000cc900000, 0x00000000d5580000)
  object space 1254400K, 99% used [0x0000000080000000,0x00000000cc8b6558,0x00000000cc900000)
 Metaspace       used 96035K, committed 97728K, reserved 1179648K
  class space    used 9731K, committed 10496K, reserved 1048576K
}
Event: 1616.297 GC heap after
{Heap after GC invocations=1961 (full 5):
 PSYoungGen      total 9216K, used 1076K [0x00000000d5580000, 0x00000000d6280000, 0x0000000100000000)
  eden space 7680K, 0% used [0x00000000d5580000,0x00000000d5580000,0x00000000d5d00000)
  from space 1536K, 70% used [0x00000000d6100000,0x00000000d620d200,0x00000000d6280000)
  to   space 2560K, 0% used [0x00000000d5d80000,0x00000000d5d80000,0x00000000d6000000)
 ParOldGen       total 1255424K, used 1255312K [0x0000000080000000, 0x00000000cca00000, 0x00000000d5580000)
  object space 1255424K, 99% used [0x0000000080000000,0x00000000cc9e41d8,0x00000000cca00000)
 Metaspace       used 96035K, committed 97728K, reserved 1179648K
  class space    used 9731K, committed 10496K, reserved 1048576K
}
Event: 1616.485 GC heap before
{Heap before GC invocations=1962 (full 5):
 PSYoungGen      total 9216K, used 8756K [0x00000000d5580000, 0x00000000d6280000, 0x0000000100000000)
  eden space 7680K, 100% used [0x00000000d5580000,0x00000000d5d00000,0x00000000d5d00000)
  from space 1536K, 70% used [0x00000000d6100000,0x00000000d620d200,0x00000000d6280000)
  to   space 2560K, 0% used [0x00000000d5d80000,0x00000000d5d80000,0x00000000d6000000)
 ParOldGen       total 1255424K, used 1255312K [0x0000000080000000, 0x00000000cca00000, 0x00000000d5580000)
  object space 1255424K, 99% used [0x0000000080000000,0x00000000cc9e41d8,0x00000000cca00000)
 Metaspace       used 96044K, committed 97792K, reserved 1179648K
  class space    used 9731K, committed 10496K, reserved 1048576K
}
Event: 1616.491 GC heap after
{Heap after GC invocations=1962 (full 5):
 PSYoungGen      total 10240K, used 349K [0x00000000d5580000, 0x00000000d6180000, 0x0000000100000000)
  eden space 7680K, 0% used [0x00000000d5580000,0x00000000d5580000,0x00000000d5d00000)
  from space 2560K, 13% used [0x00000000d5d80000,0x00000000d5dd75d8,0x00000000d6000000)
  to   space 1024K, 0% used [0x00000000d6080000,0x00000000d6080000,0x00000000d6180000)
 ParOldGen       total 1256448K, used 1255960K [0x0000000080000000, 0x00000000ccb00000, 0x00000000d5580000)
  object space 1256448K, 99% used [0x0000000080000000,0x00000000cca861f8,0x00000000ccb00000)
 Metaspace       used 96044K, committed 97792K, reserved 1179648K
  class space    used 9731K, committed 10496K, reserved 1048576K
}

